<?xml version="1.0" encoding="UTF-8"?>
<!-- Generated by org.testng.reporters.JUnitReportReporter -->
<testsuite skipped="0" hostname="DESKTOP-A15AP0F" name="com.testLayer.TC_001_LoginPage" tests="4" failures="0" timestamp="2021-07-24T16:20:03 IST" time="23.503" errors="0">
  <testcase name="validateTitleOfpage" time="5.306" classname="com.testLayer.TC_001_LoginPage"/>
  <system-out/>
  <testcase name="validateLogo" time="6.483" classname="com.testLayer.TC_001_LoginPage"/>
  <system-out/>
  <testcase name="loginToApplication" time="6.408" classname="com.testLayer.TC_001_LoginPage"/>
  <system-out/>
  <testcase name="validateTitleOfDashBoardPage" time="5.306" classname="com.testLayer.TC_001_LoginPage"/>
  <system-out/>
</testsuite> <!-- com.testLayer.TC_001_LoginPage -->
