<?xml version="1.0" encoding="UTF-8"?>
<!-- Generated by org.testng.reporters.JUnitReportReporter -->
<testsuite skipped="0" hostname="DESKTOP-A15AP0F" name="com.testLayer.TC_001_LoginPage" tests="4" failures="0" timestamp="2021-07-23T15:11:14 IST" time="42.285" errors="0">
  <testcase name="validateTitleOfpage" time="6.649" classname="com.testLayer.TC_001_LoginPage"/>
  <system-out/>
  <testcase name="validateLogo" time="7.532" classname="com.testLayer.TC_001_LoginPage"/>
  <system-out/>
  <testcase name="loginToApplication" time="9.313" classname="com.testLayer.TC_001_LoginPage"/>
  <system-out/>
  <testcase name="validateTitleOfDashBoardPage" time="18.791" classname="com.testLayer.TC_001_LoginPage"/>
  <system-out/>
</testsuite> <!-- com.testLayer.TC_001_LoginPage -->
