<?xml version="1.0" encoding="UTF-8"?>
<!-- Generated by org.testng.reporters.JUnitReportReporter -->
<testsuite skipped="0" hostname="DESKTOP-A15AP0F" name="com.testLayer.TC_002_DashBoardPage" tests="7" failures="0" timestamp="2021-07-23T16:25:27 IST" time="62.823" errors="0">
  <testcase name="validateTitle" time="7.800" classname="com.testLayer.TC_002_DashBoardPage"/>
  <system-out/>
  <testcase name="clickOnAllItems" time="7.515" classname="com.testLayer.TC_002_DashBoardPage"/>
  <system-out/>
  <testcase name="CountofTotalItem" time="7.389" classname="com.testLayer.TC_002_DashBoardPage"/>
  <system-out/>
  <testcase name="printDescriptionOfAllItems" time="16.108" classname="com.testLayer.TC_002_DashBoardPage"/>
  <system-out/>
  <testcase name="checkPresenceOfRobot" time="8.411" classname="com.testLayer.TC_002_DashBoardPage"/>
  <system-out/>
  <testcase name="sortData" time="6.770" classname="com.testLayer.TC_002_DashBoardPage"/>
  <system-out/>
  <testcase name="clickOnLogOut" time="8.830" classname="com.testLayer.TC_002_DashBoardPage"/>
  <system-out/>
</testsuite> <!-- com.testLayer.TC_002_DashBoardPage -->
