<?xml version="1.0" encoding="UTF-8"?>
<!-- Generated by org.testng.reporters.JUnitReportReporter -->
<testsuite skipped="0" hostname="DESKTOP-A15AP0F" name="com.testLayer.TC_002_DashBoardPage" tests="7" failures="0" timestamp="2021-07-24T16:20:03 IST" time="60.411" errors="0">
  <testcase name="validateTitle" time="10.491" classname="com.testLayer.TC_002_DashBoardPage"/>
  <system-out/>
  <testcase name="clickOnAllItems" time="9.322" classname="com.testLayer.TC_002_DashBoardPage"/>
  <system-out/>
  <testcase name="CountofTotalItem" time="6.613" classname="com.testLayer.TC_002_DashBoardPage"/>
  <system-out/>
  <testcase name="printDescriptionOfAllItems" time="7.622" classname="com.testLayer.TC_002_DashBoardPage"/>
  <system-out/>
  <testcase name="checkPresenceOfRobot" time="8.909" classname="com.testLayer.TC_002_DashBoardPage"/>
  <system-out/>
  <testcase name="sortData" time="9.437" classname="com.testLayer.TC_002_DashBoardPage"/>
  <system-out/>
  <testcase name="clickOnLogOut" time="8.017" classname="com.testLayer.TC_002_DashBoardPage"/>
  <system-out/>
</testsuite> <!-- com.testLayer.TC_002_DashBoardPage -->
